TN:
SF:src/controllers/despesaRecorrenteController.js
FN:4,(anonymous_0)
FN:23,(anonymous_1)
FN:42,(anonymous_2)
FN:66,(anonymous_3)
FN:93,(anonymous_4)
FNF:5
FNH:5
FNDA:2,(anonymous_0)
FNDA:1,(anonymous_1)
FNDA:2,(anonymous_2)
FNDA:2,(anonymous_3)
FNDA:2,(anonymous_4)
DA:1,1
DA:4,1
DA:5,2
DA:6,2
DA:7,2
DA:8,1
DA:15,1
DA:23,1
DA:24,1
DA:25,1
DA:26,1
DA:34,0
DA:42,1
DA:43,2
DA:44,2
DA:45,2
DA:46,1
DA:51,1
DA:58,0
DA:66,1
DA:67,2
DA:68,2
DA:72,2
DA:73,1
DA:78,1
DA:85,0
DA:93,1
DA:94,2
DA:95,2
DA:96,2
DA:97,1
DA:102,1
DA:107,0
LF:33
LH:29
BRDA:45,0,0,1
BRDA:45,0,1,1
BRDA:72,1,0,1
BRDA:72,1,1,1
BRDA:96,2,0,1
BRDA:96,2,1,1
BRF:6
BRH:6
end_of_record
TN:
SF:src/models/despesaRecorrenteModel.js
FNF:0
FNH:0
DA:1,1
DA:3,1
DA:47,1
DA:49,1
LF:4
LH:4
BRF:0
BRH:0
end_of_record
